<?xml version="1.0" encoding="UTF-8"?>
<!-- Generated by org.testng.reporters.JUnitReportReporter -->
<testsuite hostname="LAPTOP-00KL39CA" failures="0" tests="3" name="GoogleTest" time="22.431" errors="0" timestamp="11 Mar 2021 10:01:36 GMT" skipped="0">
  <testcase classname="GoogleTest" name="googletitletest" time="7.118"/>
  <testcase classname="GoogleTest" name="googlelogotest" time="6.454"/>
  <testcase classname="GoogleTest" name="maillinktest" time="8.859"/>
</testsuite> <!-- GoogleTest -->
