<?xml version="1.0" encoding="UTF-8"?>
<!-- Generated by org.testng.reporters.JUnitReportReporter -->
<testsuite hostname="LAPTOP-00KL39CA" failures="0" tests="1" name="TestNGSessions.TestNGBasics" time="0.008" errors="0" timestamp="10 Mar 2021 16:14:23 GMT" skipped="0">
  <testcase classname="TestNGSessions.TestNGBasics" name="googleTitleTest" time="0.008"/>
</testsuite> <!-- TestNGSessions.TestNGBasics -->
