<?xml version="1.0" encoding="UTF-8"?>
<!-- Generated by org.testng.reporters.JUnitReportReporter -->
<testsuite hostname="LAPTOP-00KL39CA" failures="0" tests="3" name="TestNGSessions.GoogleTest" time="22.530" errors="0" timestamp="11 Mar 2021 11:24:06 GMT" skipped="0">
  <testcase classname="TestNGSessions.GoogleTest" name="googletitletest" time="7.392"/>
  <testcase classname="TestNGSessions.GoogleTest" name="googlelogotest" time="9.020"/>
  <testcase classname="TestNGSessions.GoogleTest" name="maillinktest" time="6.118"/>
</testsuite> <!-- TestNGSessions.GoogleTest -->
